<?xml version="1.0" encoding="UTF-8"?>
<!-- Generated by org.testng.reporters.JUnitXMLReporter -->
<testsuite ignored="0" hostname="Renuka" failures="0" tests="3" name="Default test" time="0.069" errors="0" timestamp="2023-08-01T13:51:46 IST">
  <testcase classname="Tests.ProfileTests" name="ProfileTest_M1" time="0.005"/>
  <testcase classname="Tests.ProfileTests" name="ProfileTest_M2" time="0.01"/>
  <testcase classname="Tests.ProfileTests" name="ProfileTest_M3" time="0.003"/>
</testsuite> <!-- Default test -->
