<?xml version="1.0" encoding="UTF-8"?>
<testng-results ignored="0" total="3" passed="3" failed="0" skipped="0">
  <reporter-output>
  </reporter-output>
  <suite started-at="2023-08-01T13:51:45 IST" name="Default suite" finished-at="2023-08-01T13:51:45 IST" duration-ms="69">
    <groups>
    </groups>
    <test started-at="2023-08-01T13:51:45 IST" name="Default test" finished-at="2023-08-01T13:51:45 IST" duration-ms="69">
      <class name="Tests.ProfileTests">
        <test-method is-config="true" signature="beforeClass()[pri:0, instance:Tests.ProfileTests@4470fbd6]" started-at="2023-08-01T13:51:45 IST" name="beforeClass" finished-at="2023-08-01T13:51:45 IST" duration-ms="10" status="PASS">
          <reporter-output>
          </reporter-output>
        </test-method> <!-- beforeClass -->
        <test-method is-config="true" signature="beforeMethod(java.lang.reflect.Method)[pri:0, instance:Tests.ProfileTests@4470fbd6]" started-at="2023-08-01T13:51:45 IST" name="beforeMethod" finished-at="2023-08-01T13:51:45 IST" duration-ms="3" status="PASS">
          <params>
            <param index="0">
              <value>
                <![CDATA[public void Tests.ProfileTests.ProfileTest_M1()]]>
              </value>
            </param>
          </params>
          <reporter-output>
          </reporter-output>
        </test-method> <!-- beforeMethod -->
        <test-method signature="ProfileTest_M1()[pri:0, instance:Tests.ProfileTests@4470fbd6]" started-at="2023-08-01T13:51:45 IST" name="ProfileTest_M1" finished-at="2023-08-01T13:51:45 IST" duration-ms="5" status="PASS">
          <reporter-output>
          </reporter-output>
        </test-method> <!-- ProfileTest_M1 -->
        <test-method is-config="true" signature="afterMethod(java.lang.reflect.Method)[pri:0, instance:Tests.ProfileTests@4470fbd6]" started-at="2023-08-01T13:51:45 IST" name="afterMethod" finished-at="2023-08-01T13:51:45 IST" duration-ms="0" status="PASS">
          <params>
            <param index="0">
              <value>
                <![CDATA[public void Tests.ProfileTests.ProfileTest_M1()]]>
              </value>
            </param>
          </params>
          <reporter-output>
          </reporter-output>
        </test-method> <!-- afterMethod -->
        <test-method signature="ProfileTest_M2()[pri:0, instance:Tests.ProfileTests@4470fbd6]" started-at="2023-08-01T13:51:45 IST" name="ProfileTest_M2" finished-at="2023-08-01T13:51:45 IST" duration-ms="10" status="PASS">
          <reporter-output>
          </reporter-output>
        </test-method> <!-- ProfileTest_M2 -->
        <test-method is-config="true" signature="beforeMethod(java.lang.reflect.Method)[pri:0, instance:Tests.ProfileTests@4470fbd6]" started-at="2023-08-01T13:51:45 IST" name="beforeMethod" finished-at="2023-08-01T13:51:45 IST" duration-ms="0" status="PASS">
          <params>
            <param index="0">
              <value>
                <![CDATA[public void Tests.ProfileTests.ProfileTest_M2()]]>
              </value>
            </param>
          </params>
          <reporter-output>
          </reporter-output>
        </test-method> <!-- beforeMethod -->
        <test-method is-config="true" signature="afterMethod(java.lang.reflect.Method)[pri:0, instance:Tests.ProfileTests@4470fbd6]" started-at="2023-08-01T13:51:45 IST" name="afterMethod" finished-at="2023-08-01T13:51:45 IST" duration-ms="0" status="PASS">
          <params>
            <param index="0">
              <value>
                <![CDATA[public void Tests.ProfileTests.ProfileTest_M2()]]>
              </value>
            </param>
          </params>
          <reporter-output>
          </reporter-output>
        </test-method> <!-- afterMethod -->
        <test-method signature="ProfileTest_M3()[pri:0, instance:Tests.ProfileTests@4470fbd6]" started-at="2023-08-01T13:51:45 IST" name="ProfileTest_M3" finished-at="2023-08-01T13:51:45 IST" duration-ms="3" status="PASS">
          <reporter-output>
          </reporter-output>
        </test-method> <!-- ProfileTest_M3 -->
        <test-method is-config="true" signature="beforeMethod(java.lang.reflect.Method)[pri:0, instance:Tests.ProfileTests@4470fbd6]" started-at="2023-08-01T13:51:45 IST" name="beforeMethod" finished-at="2023-08-01T13:51:45 IST" duration-ms="0" status="PASS">
          <params>
            <param index="0">
              <value>
                <![CDATA[public void Tests.ProfileTests.ProfileTest_M3()]]>
              </value>
            </param>
          </params>
          <reporter-output>
          </reporter-output>
        </test-method> <!-- beforeMethod -->
        <test-method is-config="true" signature="afterMethod(java.lang.reflect.Method)[pri:0, instance:Tests.ProfileTests@4470fbd6]" started-at="2023-08-01T13:51:45 IST" name="afterMethod" finished-at="2023-08-01T13:51:45 IST" duration-ms="1" status="PASS">
          <params>
            <param index="0">
              <value>
                <![CDATA[public void Tests.ProfileTests.ProfileTest_M3()]]>
              </value>
            </param>
          </params>
          <reporter-output>
          </reporter-output>
        </test-method> <!-- afterMethod -->
        <test-method is-config="true" signature="as()[pri:0, instance:Tests.ProfileTests@4470fbd6]" started-at="2023-08-01T13:51:46 IST" name="as" finished-at="2023-08-01T13:51:46 IST" duration-ms="221" status="PASS">
          <reporter-output>
          </reporter-output>
        </test-method> <!-- as -->
      </class> <!-- Tests.ProfileTests -->
    </test> <!-- Default test -->
  </suite> <!-- Default suite -->
</testng-results>
