<?xml version="1.0" encoding="UTF-8"?>
<testng-results ignored="0" total="1" passed="1" failed="0" skipped="0">
  <reporter-output>
  </reporter-output>
  <suite started-at="2023-07-28T15:57:56 IST" name="Default suite" finished-at="2023-07-28T15:58:08 IST" duration-ms="12417">
    <groups>
    </groups>
    <test started-at="2023-07-28T15:57:56 IST" name="Default test" finished-at="2023-07-28T15:58:08 IST" duration-ms="12417">
      <class name="ply_tc_fb_class.testcase">
        <test-method is-config="true" signature="open_page()[pri:0, instance:ply_tc_fb_class.testcase@13c9d689]" started-at="2023-07-28T15:57:56 IST" name="open_page" finished-at="2023-07-28T15:58:07 IST" duration-ms="11431" status="PASS">
          <reporter-output>
          </reporter-output>
        </test-method> <!-- open_page -->
        <test-method signature="valid_credentials()[pri:0, instance:ply_tc_fb_class.testcase@13c9d689]" started-at="2023-07-28T15:58:07 IST" name="valid_credentials" finished-at="2023-07-28T15:58:08 IST" duration-ms="946" status="PASS">
          <reporter-output>
          </reporter-output>
        </test-method> <!-- valid_credentials -->
      </class> <!-- ply_tc_fb_class.testcase -->
    </test> <!-- Default test -->
  </suite> <!-- Default suite -->
</testng-results>
